[2014-03-23 11:29:09,815] in file: Database.py, module: Database at line 36 in __init__() | INFO | Connection succesful to database
[2014-03-23 11:29:09,816] in file: Database.py, module: Database at line 49 in execute_sql() | DEBUG | SQL query was : SELECT * FROM CriminalLocation;
[2014-03-23 11:29:09,817] in file: Database.py, module: Database at line 53 in execute_sql() | DEBUG | SQL query executed was: SELECT * FROM CriminalLocation;
[2014-03-23 11:29:09,933] in file: Database.py, module: Database at line 49 in execute_sql() | DEBUG | SQL query was : INSERT INTO VictimLocation (lat,lng,route,         sublocality, city, country) values (45.3571195,25.5397671,'Strada Furnica','Prahova','Sinaia','Romania');
[2014-03-23 11:29:09,934] in file: Database.py, module: Database at line 53 in execute_sql() | DEBUG | SQL query executed was: INSERT INTO VictimLocation (lat,lng,route,         sublocality, city, country) values (45.3571195,25.5397671,'Strada Furnica','Prahova','Sinaia','Romania');
[2014-03-23 11:29:09,966] in file: Database.py, module: Database at line 49 in execute_sql() | DEBUG | SQL query was : SELECT * FROM CriminalLocation;
[2014-03-23 11:29:09,967] in file: Database.py, module: Database at line 53 in execute_sql() | DEBUG | SQL query executed was: SELECT * FROM CriminalLocation;
[2014-03-23 11:29:10,114] in file: Database.py, module: Database at line 49 in execute_sql() | DEBUG | SQL query was : INSERT INTO VictimLocation (lat,lng,route,         sublocality, city, country) values (44.417126,26.110211,'Strada Petre Liciu','Sector 4','Bucharest','Romania');
[2014-03-23 11:29:10,115] in file: Database.py, module: Database at line 53 in execute_sql() | DEBUG | SQL query executed was: INSERT INTO VictimLocation (lat,lng,route,         sublocality, city, country) values (44.417126,26.110211,'Strada Petre Liciu','Sector 4','Bucharest','Romania');
[2014-03-23 11:29:10,131] in file: Database.py, module: Database at line 49 in execute_sql() | DEBUG | SQL query was : SELECT * FROM CriminalLocation;
[2014-03-23 11:29:10,132] in file: Database.py, module: Database at line 53 in execute_sql() | DEBUG | SQL query executed was: SELECT * FROM CriminalLocation;
[2014-03-23 11:29:10,245] in file: Database.py, module: Database at line 49 in execute_sql() | DEBUG | SQL query was : INSERT INTO VictimLocation (lat,lng,route,         sublocality, city, country) values (46.6023,22.98421,'DN1R','Cluj County','Belis','Romania');
[2014-03-23 11:29:10,247] in file: Database.py, module: Database at line 53 in execute_sql() | DEBUG | SQL query executed was: INSERT INTO VictimLocation (lat,lng,route,         sublocality, city, country) values (46.6023,22.98421,'DN1R','Cluj County','Belis','Romania');
[2014-03-23 11:29:10,340] in file: Database.py, module: Database at line 49 in execute_sql() | DEBUG | SQL query was : SELECT * FROM CriminalLocation;
[2014-03-23 11:29:10,341] in file: Database.py, module: Database at line 53 in execute_sql() | DEBUG | SQL query executed was: SELECT * FROM CriminalLocation;
[2014-03-23 11:29:10,491] in file: Database.py, module: Database at line 49 in execute_sql() | DEBUG | SQL query was : INSERT INTO VictimLocation (lat,lng,route,         sublocality, city, country) values (44.402913,26.136045,'Splaiul Unirii','Sector 4','Bucharest','Romania');
[2014-03-23 11:29:10,493] in file: Database.py, module: Database at line 53 in execute_sql() | DEBUG | SQL query executed was: INSERT INTO VictimLocation (lat,lng,route,         sublocality, city, country) values (44.402913,26.136045,'Splaiul Unirii','Sector 4','Bucharest','Romania');
[2014-03-23 11:29:10,527] in file: Database.py, module: Database at line 49 in execute_sql() | DEBUG | SQL query was : SELECT * FROM CriminalLocation;
[2014-03-23 11:29:10,528] in file: Database.py, module: Database at line 53 in execute_sql() | DEBUG | SQL query executed was: SELECT * FROM CriminalLocation;
[2014-03-23 11:29:10,636] in file: Database.py, module: Database at line 49 in execute_sql() | DEBUG | SQL query was : INSERT INTO VictimLocation (lat,lng,route,         sublocality, city, country) values (45.18536,29.655238,'DC2','Judetul Tulcea','Sulina','Romania');
[2014-03-23 11:29:10,638] in file: Database.py, module: Database at line 53 in execute_sql() | DEBUG | SQL query executed was: INSERT INTO VictimLocation (lat,lng,route,         sublocality, city, country) values (45.18536,29.655238,'DC2','Judetul Tulcea','Sulina','Romania');
[2014-03-23 11:29:10,670] in file: Database.py, module: Database at line 49 in execute_sql() | DEBUG | SQL query was : SELECT * FROM CriminalLocation;
[2014-03-23 11:29:10,672] in file: Database.py, module: Database at line 53 in execute_sql() | DEBUG | SQL query executed was: SELECT * FROM CriminalLocation;
[2014-03-23 11:29:10,795] in file: Database.py, module: Database at line 49 in execute_sql() | DEBUG | SQL query was : INSERT INTO VictimLocation (lat,lng,route,         sublocality, city, country) values (44.057735,28.596516,'Strada Ion Tuculescu','Judetul Constanta','Techirghiol','Romania');
[2014-03-23 11:29:10,797] in file: Database.py, module: Database at line 53 in execute_sql() | DEBUG | SQL query executed was: INSERT INTO VictimLocation (lat,lng,route,         sublocality, city, country) values (44.057735,28.596516,'Strada Ion Tuculescu','Judetul Constanta','Techirghiol','Romania');
[2014-03-23 11:29:10,835] in file: Database.py, module: Database at line 49 in execute_sql() | DEBUG | SQL query was : SELECT * FROM CriminalLocation;
[2014-03-23 11:29:10,836] in file: Database.py, module: Database at line 53 in execute_sql() | DEBUG | SQL query executed was: SELECT * FROM CriminalLocation;
[2014-03-23 11:29:10,958] in file: Database.py, module: Database at line 49 in execute_sql() | DEBUG | SQL query was : INSERT INTO VictimLocation (lat,lng,route,         sublocality, city, country) values (45.331103,22.822643,'Platoul Rades-Zlata','Judetul Hunedoara','Rau de Mori','Romania');
[2014-03-23 11:29:10,959] in file: Database.py, module: Database at line 53 in execute_sql() | DEBUG | SQL query executed was: INSERT INTO VictimLocation (lat,lng,route,         sublocality, city, country) values (45.331103,22.822643,'Platoul Rades-Zlata','Judetul Hunedoara','Rau de Mori','Romania');
[2014-03-23 11:29:10,978] in file: Database.py, module: Database at line 49 in execute_sql() | DEBUG | SQL query was : SELECT * FROM CriminalLocation;
[2014-03-23 11:29:10,979] in file: Database.py, module: Database at line 53 in execute_sql() | DEBUG | SQL query executed was: SELECT * FROM CriminalLocation;
[2014-03-23 11:29:25,259] in file: Database.py, module: Database at line 36 in __init__() | INFO | Connection succesful to database
[2014-03-23 11:29:25,260] in file: Database.py, module: Database at line 49 in execute_sql() | DEBUG | SQL query was : SELECT * FROM CriminalLocation;
[2014-03-23 11:29:25,261] in file: Database.py, module: Database at line 53 in execute_sql() | DEBUG | SQL query executed was: SELECT * FROM CriminalLocation;
[2014-03-23 11:29:25,378] in file: Database.py, module: Database at line 49 in execute_sql() | DEBUG | SQL query was : INSERT INTO VictimLocation (lat,lng,route,         sublocality, city, country) values (45.3571195,25.5397671,'Strada Furnica','Prahova','Sinaia','Romania');
[2014-03-23 11:29:25,379] in file: Database.py, module: Database at line 53 in execute_sql() | DEBUG | SQL query executed was: INSERT INTO VictimLocation (lat,lng,route,         sublocality, city, country) values (45.3571195,25.5397671,'Strada Furnica','Prahova','Sinaia','Romania');
[2014-03-23 11:29:25,398] in file: Database.py, module: Database at line 49 in execute_sql() | DEBUG | SQL query was : SELECT * FROM VictimLocation;
[2014-03-23 11:29:25,399] in file: Database.py, module: Database at line 53 in execute_sql() | DEBUG | SQL query executed was: SELECT * FROM VictimLocation;
[2014-03-23 11:29:25,537] in file: Database.py, module: Database at line 49 in execute_sql() | DEBUG | SQL query was : INSERT INTO VictimLocation (lat,lng,route,         sublocality, city, country) values (44.417126,26.110211,'Strada Petre Liciu','Sector 4','Bucharest','Romania');
[2014-03-23 11:29:25,538] in file: Database.py, module: Database at line 53 in execute_sql() | DEBUG | SQL query executed was: INSERT INTO VictimLocation (lat,lng,route,         sublocality, city, country) values (44.417126,26.110211,'Strada Petre Liciu','Sector 4','Bucharest','Romania');
[2014-03-23 11:29:25,574] in file: Database.py, module: Database at line 49 in execute_sql() | DEBUG | SQL query was : SELECT * FROM VictimLocation;
[2014-03-23 11:29:25,576] in file: Database.py, module: Database at line 53 in execute_sql() | DEBUG | SQL query executed was: SELECT * FROM VictimLocation;
[2014-03-23 11:29:25,697] in file: Database.py, module: Database at line 49 in execute_sql() | DEBUG | SQL query was : INSERT INTO VictimLocation (lat,lng,route,         sublocality, city, country) values (46.6023,22.98421,'DN1R','Cluj County','Belis','Romania');
[2014-03-23 11:29:25,698] in file: Database.py, module: Database at line 53 in execute_sql() | DEBUG | SQL query executed was: INSERT INTO VictimLocation (lat,lng,route,         sublocality, city, country) values (46.6023,22.98421,'DN1R','Cluj County','Belis','Romania');
[2014-03-23 11:29:25,729] in file: Database.py, module: Database at line 49 in execute_sql() | DEBUG | SQL query was : SELECT * FROM VictimLocation;
[2014-03-23 11:29:25,730] in file: Database.py, module: Database at line 53 in execute_sql() | DEBUG | SQL query executed was: SELECT * FROM VictimLocation;
[2014-03-23 11:29:25,868] in file: Database.py, module: Database at line 49 in execute_sql() | DEBUG | SQL query was : INSERT INTO VictimLocation (lat,lng,route,         sublocality, city, country) values (44.402913,26.136045,'Splaiul Unirii','Sector 4','Bucharest','Romania');
[2014-03-23 11:29:25,869] in file: Database.py, module: Database at line 53 in execute_sql() | DEBUG | SQL query executed was: INSERT INTO VictimLocation (lat,lng,route,         sublocality, city, country) values (44.402913,26.136045,'Splaiul Unirii','Sector 4','Bucharest','Romania');
[2014-03-23 11:29:25,882] in file: Database.py, module: Database at line 49 in execute_sql() | DEBUG | SQL query was : SELECT * FROM VictimLocation;
[2014-03-23 11:29:25,883] in file: Database.py, module: Database at line 53 in execute_sql() | DEBUG | SQL query executed was: SELECT * FROM VictimLocation;
[2014-03-23 11:29:26,026] in file: Database.py, module: Database at line 49 in execute_sql() | DEBUG | SQL query was : INSERT INTO VictimLocation (lat,lng,route,         sublocality, city, country) values (45.18536,29.655238,'DC2','Judetul Tulcea','Sulina','Romania');
[2014-03-23 11:29:26,027] in file: Database.py, module: Database at line 53 in execute_sql() | DEBUG | SQL query executed was: INSERT INTO VictimLocation (lat,lng,route,         sublocality, city, country) values (45.18536,29.655238,'DC2','Judetul Tulcea','Sulina','Romania');
[2014-03-23 11:29:26,062] in file: Database.py, module: Database at line 49 in execute_sql() | DEBUG | SQL query was : SELECT * FROM VictimLocation;
[2014-03-23 11:29:26,063] in file: Database.py, module: Database at line 53 in execute_sql() | DEBUG | SQL query executed was: SELECT * FROM VictimLocation;
[2014-03-23 11:29:26,233] in file: Database.py, module: Database at line 49 in execute_sql() | DEBUG | SQL query was : INSERT INTO VictimLocation (lat,lng,route,         sublocality, city, country) values (44.057735,28.596516,'Strada Ion Tuculescu','Judetul Constanta','Techirghiol','Romania');
[2014-03-23 11:29:26,234] in file: Database.py, module: Database at line 53 in execute_sql() | DEBUG | SQL query executed was: INSERT INTO VictimLocation (lat,lng,route,         sublocality, city, country) values (44.057735,28.596516,'Strada Ion Tuculescu','Judetul Constanta','Techirghiol','Romania');
[2014-03-23 11:29:26,289] in file: Database.py, module: Database at line 49 in execute_sql() | DEBUG | SQL query was : SELECT * FROM VictimLocation;
[2014-03-23 11:29:26,290] in file: Database.py, module: Database at line 53 in execute_sql() | DEBUG | SQL query executed was: SELECT * FROM VictimLocation;
[2014-03-23 11:29:26,410] in file: Database.py, module: Database at line 49 in execute_sql() | DEBUG | SQL query was : INSERT INTO VictimLocation (lat,lng,route,         sublocality, city, country) values (45.331103,22.822643,'Platoul Rades-Zlata','Judetul Hunedoara','Rau de Mori','Romania');
[2014-03-23 11:29:26,411] in file: Database.py, module: Database at line 53 in execute_sql() | DEBUG | SQL query executed was: INSERT INTO VictimLocation (lat,lng,route,         sublocality, city, country) values (45.331103,22.822643,'Platoul Rades-Zlata','Judetul Hunedoara','Rau de Mori','Romania');
[2014-03-23 11:29:26,421] in file: Database.py, module: Database at line 49 in execute_sql() | DEBUG | SQL query was : SELECT * FROM VictimLocation;
[2014-03-23 11:29:26,422] in file: Database.py, module: Database at line 53 in execute_sql() | DEBUG | SQL query executed was: SELECT * FROM VictimLocation;
[2014-03-23 11:29:55,195] in file: Database.py, module: Database at line 36 in __init__() | INFO | Connection succesful to database
[2014-03-23 11:29:55,195] in file: Database.py, module: Database at line 49 in execute_sql() | DEBUG | SQL query was : SELECT * FROM CriminalLocation;
[2014-03-23 11:29:55,196] in file: Database.py, module: Database at line 53 in execute_sql() | DEBUG | SQL query executed was: SELECT * FROM CriminalLocation;
[2014-03-23 11:29:55,344] in file: Database.py, module: Database at line 49 in execute_sql() | DEBUG | SQL query was : INSERT INTO VictimLocation (lat,lng,route,         sublocality, city, country) values (45.3571195,25.5397671,'Strada Furnica','Prahova','Sinaia','Romania');
[2014-03-23 11:29:55,345] in file: Database.py, module: Database at line 53 in execute_sql() | DEBUG | SQL query executed was: INSERT INTO VictimLocation (lat,lng,route,         sublocality, city, country) values (45.3571195,25.5397671,'Strada Furnica','Prahova','Sinaia','Romania');
[2014-03-23 11:29:55,516] in file: Database.py, module: Database at line 49 in execute_sql() | DEBUG | SQL query was : INSERT INTO VictimLocation (lat,lng,route,         sublocality, city, country) values (44.417126,26.110211,'Strada Petre Liciu','Sector 4','Bucharest','Romania');
[2014-03-23 11:29:55,517] in file: Database.py, module: Database at line 53 in execute_sql() | DEBUG | SQL query executed was: INSERT INTO VictimLocation (lat,lng,route,         sublocality, city, country) values (44.417126,26.110211,'Strada Petre Liciu','Sector 4','Bucharest','Romania');
[2014-03-23 11:29:55,690] in file: Database.py, module: Database at line 49 in execute_sql() | DEBUG | SQL query was : INSERT INTO VictimLocation (lat,lng,route,         sublocality, city, country) values (46.6023,22.98421,'DN1R','Cluj County','Belis','Romania');
[2014-03-23 11:29:55,691] in file: Database.py, module: Database at line 53 in execute_sql() | DEBUG | SQL query executed was: INSERT INTO VictimLocation (lat,lng,route,         sublocality, city, country) values (46.6023,22.98421,'DN1R','Cluj County','Belis','Romania');
[2014-03-23 11:29:55,817] in file: Database.py, module: Database at line 49 in execute_sql() | DEBUG | SQL query was : INSERT INTO VictimLocation (lat,lng,route,         sublocality, city, country) values (44.402913,26.136045,'Splaiul Unirii','Sector 4','Bucharest','Romania');
[2014-03-23 11:29:55,819] in file: Database.py, module: Database at line 53 in execute_sql() | DEBUG | SQL query executed was: INSERT INTO VictimLocation (lat,lng,route,         sublocality, city, country) values (44.402913,26.136045,'Splaiul Unirii','Sector 4','Bucharest','Romania');
[2014-03-23 11:29:55,967] in file: Database.py, module: Database at line 49 in execute_sql() | DEBUG | SQL query was : INSERT INTO VictimLocation (lat,lng,route,         sublocality, city, country) values (45.18536,29.655238,'DC2','Judetul Tulcea','Sulina','Romania');
[2014-03-23 11:29:55,968] in file: Database.py, module: Database at line 53 in execute_sql() | DEBUG | SQL query executed was: INSERT INTO VictimLocation (lat,lng,route,         sublocality, city, country) values (45.18536,29.655238,'DC2','Judetul Tulcea','Sulina','Romania');
[2014-03-23 11:29:56,554] in file: Database.py, module: Database at line 49 in execute_sql() | DEBUG | SQL query was : INSERT INTO VictimLocation (lat,lng,route,         sublocality, city, country) values (44.057735,28.596516,'Strada Ion Tuculescu','Judetul Constanta','Techirghiol','Romania');
[2014-03-23 11:29:56,556] in file: Database.py, module: Database at line 53 in execute_sql() | DEBUG | SQL query executed was: INSERT INTO VictimLocation (lat,lng,route,         sublocality, city, country) values (44.057735,28.596516,'Strada Ion Tuculescu','Judetul Constanta','Techirghiol','Romania');
[2014-03-23 11:29:56,715] in file: Database.py, module: Database at line 49 in execute_sql() | DEBUG | SQL query was : INSERT INTO VictimLocation (lat,lng,route,         sublocality, city, country) values (45.331103,22.822643,'Platoul Rades-Zlata','Judetul Hunedoara','Rau de Mori','Romania');
[2014-03-23 11:29:56,716] in file: Database.py, module: Database at line 53 in execute_sql() | DEBUG | SQL query executed was: INSERT INTO VictimLocation (lat,lng,route,         sublocality, city, country) values (45.331103,22.822643,'Platoul Rades-Zlata','Judetul Hunedoara','Rau de Mori','Romania');
[2014-03-23 11:29:56,781] in file: Database.py, module: Database at line 49 in execute_sql() | DEBUG | SQL query was : SELECT * FROM VictimLocation;
[2014-03-23 11:29:56,783] in file: Database.py, module: Database at line 53 in execute_sql() | DEBUG | SQL query executed was: SELECT * FROM VictimLocation;
[2014-03-23 21:17:39,100] in file: Database.py, module: Database at line 38 in __init__() | INFO | Connection succesful to database
[2014-03-23 21:17:39,194] in file: Database.py, module: Database at line 51 in execute_sql() | DEBUG | SQL query was : SELECT * FROM CriminalLocation;
[2014-03-23 21:17:39,394] in file: Database.py, module: Database at line 55 in execute_sql() | DEBUG | SQL query executed was: SELECT * FROM CriminalLocation;
[2014-03-23 21:18:01,171] in file: Database.py, module: Database at line 38 in __init__() | INFO | Connection succesful to database
[2014-03-23 21:18:01,171] in file: Database.py, module: Database at line 51 in execute_sql() | DEBUG | SQL query was : SELECT * FROM CriminalLocation;
[2014-03-23 21:18:01,172] in file: Database.py, module: Database at line 55 in execute_sql() | DEBUG | SQL query executed was: SELECT * FROM CriminalLocation;
[2014-03-23 21:18:30,273] in file: Database.py, module: Database at line 38 in __init__() | INFO | Connection succesful to database
[2014-03-23 21:18:30,274] in file: Database.py, module: Database at line 51 in execute_sql() | DEBUG | SQL query was : SELECT * FROM CriminalLocation;
[2014-03-23 21:18:30,275] in file: Database.py, module: Database at line 55 in execute_sql() | DEBUG | SQL query executed was: SELECT * FROM CriminalLocation;
[2014-03-23 21:18:30,518] in file: Database.py, module: Database at line 51 in execute_sql() | DEBUG | SQL query was : INSERT INTO VictimLocation (lat,lng,PostedTime,route,         sublocality, city, country) values (45.3571195,25.5397671,'2014-03-23 21:18:30','Strada Furnica','Prahova','Sinaia','Romania');
[2014-03-23 21:18:30,608] in file: Database.py, module: Database at line 55 in execute_sql() | DEBUG | SQL query executed was: INSERT INTO VictimLocation (lat,lng,PostedTime,route,         sublocality, city, country) values (45.3571195,25.5397671,'2014-03-23 21:18:30','Strada Furnica','Prahova','Sinaia','Romania');
[2014-03-23 21:18:30,830] in file: Database.py, module: Database at line 51 in execute_sql() | DEBUG | SQL query was : INSERT INTO VictimLocation (lat,lng,PostedTime,route,         sublocality, city, country) values (44.417126,26.110211,'2014-03-23 21:18:30','Strada Petre Liciu','Sector 4','Bucharest','Romania');
[2014-03-23 21:18:30,831] in file: Database.py, module: Database at line 55 in execute_sql() | DEBUG | SQL query executed was: INSERT INTO VictimLocation (lat,lng,PostedTime,route,         sublocality, city, country) values (44.417126,26.110211,'2014-03-23 21:18:30','Strada Petre Liciu','Sector 4','Bucharest','Romania');
[2014-03-23 21:18:31,100] in file: Database.py, module: Database at line 51 in execute_sql() | DEBUG | SQL query was : INSERT INTO VictimLocation (lat,lng,PostedTime,route,         sublocality, city, country) values (46.6023,22.98421,'2014-03-23 21:18:31','DN1R','Cluj County','Belis','Romania');
[2014-03-23 21:18:31,101] in file: Database.py, module: Database at line 55 in execute_sql() | DEBUG | SQL query executed was: INSERT INTO VictimLocation (lat,lng,PostedTime,route,         sublocality, city, country) values (46.6023,22.98421,'2014-03-23 21:18:31','DN1R','Cluj County','Belis','Romania');
[2014-03-23 21:18:31,385] in file: Database.py, module: Database at line 51 in execute_sql() | DEBUG | SQL query was : INSERT INTO VictimLocation (lat,lng,PostedTime,route,         sublocality, city, country) values (44.402913,26.136045,'2014-03-23 21:18:31','Splaiul Unirii','Sector 4','Bucharest','Romania');
[2014-03-23 21:18:31,483] in file: Database.py, module: Database at line 55 in execute_sql() | DEBUG | SQL query executed was: INSERT INTO VictimLocation (lat,lng,PostedTime,route,         sublocality, city, country) values (44.402913,26.136045,'2014-03-23 21:18:31','Splaiul Unirii','Sector 4','Bucharest','Romania');
[2014-03-23 21:18:31,740] in file: Database.py, module: Database at line 51 in execute_sql() | DEBUG | SQL query was : INSERT INTO VictimLocation (lat,lng,PostedTime,route,         sublocality, city, country) values (45.18536,29.655238,'2014-03-23 21:18:31','DC2','Judetul Tulcea','Sulina','Romania');
[2014-03-23 21:18:31,742] in file: Database.py, module: Database at line 55 in execute_sql() | DEBUG | SQL query executed was: INSERT INTO VictimLocation (lat,lng,PostedTime,route,         sublocality, city, country) values (45.18536,29.655238,'2014-03-23 21:18:31','DC2','Judetul Tulcea','Sulina','Romania');
[2014-03-23 21:18:31,967] in file: Database.py, module: Database at line 51 in execute_sql() | DEBUG | SQL query was : INSERT INTO VictimLocation (lat,lng,PostedTime,route,         sublocality, city, country) values (44.057735,28.596516,'2014-03-23 21:18:31','Strada Ion Tuculescu','Judetul Constanta','Techirghiol','Romania');
[2014-03-23 21:18:31,968] in file: Database.py, module: Database at line 55 in execute_sql() | DEBUG | SQL query executed was: INSERT INTO VictimLocation (lat,lng,PostedTime,route,         sublocality, city, country) values (44.057735,28.596516,'2014-03-23 21:18:31','Strada Ion Tuculescu','Judetul Constanta','Techirghiol','Romania');
[2014-03-23 21:18:32,184] in file: Database.py, module: Database at line 51 in execute_sql() | DEBUG | SQL query was : INSERT INTO VictimLocation (lat,lng,PostedTime,route,         sublocality, city, country) values (45.331103,22.822643,'2014-03-23 21:18:32','Platoul Rades-Zlata','Judetul Hunedoara','Rau de Mori','Romania');
[2014-03-23 21:18:32,186] in file: Database.py, module: Database at line 55 in execute_sql() | DEBUG | SQL query executed was: INSERT INTO VictimLocation (lat,lng,PostedTime,route,         sublocality, city, country) values (45.331103,22.822643,'2014-03-23 21:18:32','Platoul Rades-Zlata','Judetul Hunedoara','Rau de Mori','Romania');
[2014-03-23 21:18:32,236] in file: Database.py, module: Database at line 51 in execute_sql() | DEBUG | SQL query was : SELECT * FROM VictimLocation;
[2014-03-23 21:18:32,260] in file: Database.py, module: Database at line 55 in execute_sql() | DEBUG | SQL query executed was: SELECT * FROM VictimLocation;
[2014-03-23 21:35:05,139] in file: Database.py, module: Database at line 38 in __init__() | INFO | Connection succesful to database
[2014-03-23 21:35:32,243] in file: Database.py, module: Database at line 51 in execute_sql() | DEBUG | SQL query was : select lat, lng from VictimLocation
[2014-03-23 21:35:32,244] in file: Database.py, module: Database at line 55 in execute_sql() | DEBUG | SQL query executed was: select lat, lng from VictimLocation
[2014-03-23 21:37:05,324] in file: Database.py, module: Database at line 38 in __init__() | INFO | Connection succesful to database
[2014-03-23 21:37:42,027] in file: Database.py, module: Database at line 51 in execute_sql() | DEBUG | SQL query was : select lat, lng from VictimLocation order by PostedTime desc limit 5
[2014-03-23 21:37:42,260] in file: Database.py, module: Database at line 55 in execute_sql() | DEBUG | SQL query executed was: select lat, lng from VictimLocation order by PostedTime desc limit 5
